<?xml version="1.0" encoding="UTF-8"?>
<!-- Generated by org.testng.reporters.JUnitReportReporter -->
<testsuite skipped="0" hostname="PUNHJW256997L" name="com.cloud.testing.CloudTestCases" tests="2" failures="0" timestamp="28 Sep 2020 18:50:47 GMT" time="38.935" errors="0">
  <testcase name="checkInventoryItemListSizeTest" time="19.560" classname="com.cloud.testing.CloudTestCases"/>
  <testcase name="checkAddToCartButtonSizeTest" time="19.375" classname="com.cloud.testing.CloudTestCases"/>
</testsuite> <!-- com.cloud.testing.CloudTestCases -->
